<?xml version="1.0" encoding="UTF-8"?>
<!-- Generated by org.testng.reporters.JUnitXMLReporter -->
<testsuite hostname="ESW009" ignored="0" name="HDFC erg Test Case" tests="1" failures="0" timestamp="31 Oct 2017 13:22:17 GMT" time="33.365" errors="0">
  <testcase name="@AfterClass afterTest" time="0.0" classname="com.testframework.testscripts.TC001_Flipkart">
    <failure type="java.lang.NoSuchMethodError" message="com.aventstack.extentreports.ExtentReports.close()V">
      <![CDATA[java.lang.NoSuchMethodError: com.aventstack.extentreports.ExtentReports.close()V
	at com.testframework.testscripts.TC001_Flipkart.afterTest(TC001_Flipkart.java:58)
... Removed 26 stack frames]]>
    </failure>
  </testcase> <!-- @AfterClass afterTest -->
  <testcase name="flipkartLogin" time="20.62" classname="com.testframework.testscripts.TC001_Flipkart"/>
</testsuite> <!-- HDFC erg Test Case -->
